2022-07-08 23:02:29,866 read.py INFO read 当前正在执行启动浏览器
2022-07-08 23:02:31,447 read.py INFO read 当前正在执行访问url
2022-07-08 23:02:32,299 read.py INFO read 当前正在执行输入
2022-07-08 23:02:32,482 read.py INFO read 当前正在执行点击
2022-07-08 23:02:32,544 read.py INFO read 当前正在执行等待3秒
2022-07-08 23:02:35,549 read.py INFO read 当前正在执行断言是否包含 搜索工具的文本
2022-07-08 23:02:35,673 read.py INFO read 当前正在执行关闭浏览器
2022-07-08 23:04:35,569 read.py INFO read 当前正在执行None
2022-07-08 23:04:35,570 read.py INFO read 当前正在执行描述
2022-07-08 23:04:35,570 read.py INFO read 当前正在执行启动浏览器
2022-07-08 23:04:37,038 read.py INFO read 当前正在执行访问url
2022-07-08 23:04:37,810 read.py INFO read 当前正在执行输入
2022-07-08 23:04:37,954 read.py INFO read 当前正在执行点击
2022-07-08 23:04:37,996 read.py INFO read 当前正在执行等待3秒
2022-07-08 23:04:40,998 read.py INFO read 当前正在执行断言是否包含 搜索工具的文本
2022-07-08 23:05:24,818 read.py INFO read 当前正在执行启动浏览器
2022-07-08 23:05:26,293 read.py INFO read 当前正在执行访问url
2022-07-08 23:05:27,149 read.py INFO read 当前正在执行输入
2022-07-08 23:05:27,314 read.py INFO read 当前正在执行点击
2022-07-08 23:05:27,357 read.py INFO read 当前正在执行等待3秒
2022-07-08 23:05:30,362 read.py INFO read 当前正在执行断言是否包含 搜索工具的文本
2022-07-08 23:07:50,279 read.py INFO read 当前正在执行启动浏览器
2022-07-08 23:07:51,761 read.py INFO read 当前正在执行访问url
2022-07-08 23:07:53,601 read.py INFO read 当前正在执行输入
2022-07-08 23:07:53,757 read.py INFO read 当前正在执行点击
2022-07-08 23:07:53,843 read.py INFO read 当前正在执行等待3秒
2022-07-08 23:07:56,846 read.py INFO read 当前正在执行断言是否包含 搜索工具的文本
2022-07-08 23:11:27,525 read.py INFO read 当前正在执行启动浏览器
